Symlinking /home/ur3/multi-camera-ros/catkin_ws_camera/devel/include/image_proc/RectifyConfig.h
Symlinking /home/ur3/multi-camera-ros/catkin_ws_camera/devel/include/image_proc/DebayerConfig.h
Symlinking /home/ur3/multi-camera-ros/catkin_ws_camera/devel/include/image_proc/ResizeConfig.h
Symlinking /home/ur3/multi-camera-ros/catkin_ws_camera/devel/include/image_proc/CropDecimateConfig.h
Symlinking /home/ur3/multi-camera-ros/catkin_ws_camera/devel/lib/libimage_proc.so
Symlinking /home/ur3/multi-camera-ros/catkin_ws_camera/devel/lib/pkgconfig/image_proc.pc
Symlinking /home/ur3/multi-camera-ros/catkin_ws_camera/devel/lib/image_proc/image_proc
Symlinking /home/ur3/multi-camera-ros/catkin_ws_camera/devel/lib/python3/dist-packages/image_proc/__init__.py
Symlinking /home/ur3/multi-camera-ros/catkin_ws_camera/devel/lib/python3/dist-packages/image_proc/cfg/RectifyConfig.py
Symlinking /home/ur3/multi-camera-ros/catkin_ws_camera/devel/lib/python3/dist-packages/image_proc/cfg/__init__.py
Symlinking /home/ur3/multi-camera-ros/catkin_ws_camera/devel/lib/python3/dist-packages/image_proc/cfg/DebayerConfig.py
Symlinking /home/ur3/multi-camera-ros/catkin_ws_camera/devel/lib/python3/dist-packages/image_proc/cfg/ResizeConfig.py
Symlinking /home/ur3/multi-camera-ros/catkin_ws_camera/devel/lib/python3/dist-packages/image_proc/cfg/CropDecimateConfig.py
Symlinking /home/ur3/multi-camera-ros/catkin_ws_camera/devel/share/image_proc/cmake/image_procConfig.cmake
Symlinking /home/ur3/multi-camera-ros/catkin_ws_camera/devel/share/image_proc/cmake/image_procConfig-version.cmake
Symlinking /home/ur3/multi-camera-ros/catkin_ws_camera/devel/share/image_proc/docs/DebayerConfig-usage.dox
Symlinking /home/ur3/multi-camera-ros/catkin_ws_camera/devel/share/image_proc/docs/DebayerConfig.wikidoc
Symlinking /home/ur3/multi-camera-ros/catkin_ws_camera/devel/share/image_proc/docs/ResizeConfig-usage.dox
Symlinking /home/ur3/multi-camera-ros/catkin_ws_camera/devel/share/image_proc/docs/CropDecimateConfig.dox
Symlinking /home/ur3/multi-camera-ros/catkin_ws_camera/devel/share/image_proc/docs/RectifyConfig.dox
Symlinking /home/ur3/multi-camera-ros/catkin_ws_camera/devel/share/image_proc/docs/RectifyConfig-usage.dox
Symlinking /home/ur3/multi-camera-ros/catkin_ws_camera/devel/share/image_proc/docs/DebayerConfig.dox
Symlinking /home/ur3/multi-camera-ros/catkin_ws_camera/devel/share/image_proc/docs/CropDecimateConfig-usage.dox
Symlinking /home/ur3/multi-camera-ros/catkin_ws_camera/devel/share/image_proc/docs/RectifyConfig.wikidoc
Symlinking /home/ur3/multi-camera-ros/catkin_ws_camera/devel/share/image_proc/docs/ResizeConfig.wikidoc
Symlinking /home/ur3/multi-camera-ros/catkin_ws_camera/devel/share/image_proc/docs/CropDecimateConfig.wikidoc
Symlinking /home/ur3/multi-camera-ros/catkin_ws_camera/devel/share/image_proc/docs/ResizeConfig.dox
Cleaning: (/home/ur3/catkin_ur3_ws/devel/.private/image_proc/cmake.lock, /home/ur3/catkin_ur3_ws/devel/./cmake.lock)
Cleaning: (/home/ur3/catkin_ur3_ws/devel/.private/image_proc/include/image_proc/RectifyConfig.h, /home/ur3/catkin_ur3_ws/devel/include/image_proc/RectifyConfig.h)
Cleaning: (/home/ur3/catkin_ur3_ws/devel/.private/image_proc/include/image_proc/DebayerConfig.h, /home/ur3/catkin_ur3_ws/devel/include/image_proc/DebayerConfig.h)
Cleaning: (/home/ur3/catkin_ur3_ws/devel/.private/image_proc/include/image_proc/ResizeConfig.h, /home/ur3/catkin_ur3_ws/devel/include/image_proc/ResizeConfig.h)
Cleaning: (/home/ur3/catkin_ur3_ws/devel/.private/image_proc/include/image_proc/CropDecimateConfig.h, /home/ur3/catkin_ur3_ws/devel/include/image_proc/CropDecimateConfig.h)
Cleaning: (/home/ur3/catkin_ur3_ws/devel/.private/image_proc/lib/libimage_proc.so, /home/ur3/catkin_ur3_ws/devel/lib/libimage_proc.so)
Cleaning: (/home/ur3/catkin_ur3_ws/devel/.private/image_proc/lib/pkgconfig/image_proc.pc, /home/ur3/catkin_ur3_ws/devel/lib/pkgconfig/image_proc.pc)
Cleaning: (/home/ur3/catkin_ur3_ws/devel/.private/image_proc/lib/image_proc/image_proc, /home/ur3/catkin_ur3_ws/devel/lib/image_proc/image_proc)
Cleaning: (/home/ur3/catkin_ur3_ws/devel/.private/image_proc/lib/python3/dist-packages/image_proc/__init__.py, /home/ur3/catkin_ur3_ws/devel/lib/python3/dist-packages/image_proc/__init__.py)
Cleaning: (/home/ur3/catkin_ur3_ws/devel/.private/image_proc/lib/python3/dist-packages/image_proc/cfg/RectifyConfig.py, /home/ur3/catkin_ur3_ws/devel/lib/python3/dist-packages/image_proc/cfg/RectifyConfig.py)
Cleaning: (/home/ur3/catkin_ur3_ws/devel/.private/image_proc/lib/python3/dist-packages/image_proc/cfg/__init__.py, /home/ur3/catkin_ur3_ws/devel/lib/python3/dist-packages/image_proc/cfg/__init__.py)
Cleaning: (/home/ur3/catkin_ur3_ws/devel/.private/image_proc/lib/python3/dist-packages/image_proc/cfg/DebayerConfig.py, /home/ur3/catkin_ur3_ws/devel/lib/python3/dist-packages/image_proc/cfg/DebayerConfig.py)
Cleaning: (/home/ur3/catkin_ur3_ws/devel/.private/image_proc/lib/python3/dist-packages/image_proc/cfg/ResizeConfig.py, /home/ur3/catkin_ur3_ws/devel/lib/python3/dist-packages/image_proc/cfg/ResizeConfig.py)
Cleaning: (/home/ur3/catkin_ur3_ws/devel/.private/image_proc/lib/python3/dist-packages/image_proc/cfg/CropDecimateConfig.py, /home/ur3/catkin_ur3_ws/devel/lib/python3/dist-packages/image_proc/cfg/CropDecimateConfig.py)
Cleaning: (/home/ur3/catkin_ur3_ws/devel/.private/image_proc/share/image_proc/cmake/image_procConfig.cmake, /home/ur3/catkin_ur3_ws/devel/share/image_proc/cmake/image_procConfig.cmake)
Cleaning: (/home/ur3/catkin_ur3_ws/devel/.private/image_proc/share/image_proc/cmake/image_procConfig-version.cmake, /home/ur3/catkin_ur3_ws/devel/share/image_proc/cmake/image_procConfig-version.cmake)
Cleaning: (/home/ur3/catkin_ur3_ws/devel/.private/image_proc/share/image_proc/docs/DebayerConfig-usage.dox, /home/ur3/catkin_ur3_ws/devel/share/image_proc/docs/DebayerConfig-usage.dox)
Cleaning: (/home/ur3/catkin_ur3_ws/devel/.private/image_proc/share/image_proc/docs/DebayerConfig.wikidoc, /home/ur3/catkin_ur3_ws/devel/share/image_proc/docs/DebayerConfig.wikidoc)
Cleaning: (/home/ur3/catkin_ur3_ws/devel/.private/image_proc/share/image_proc/docs/ResizeConfig-usage.dox, /home/ur3/catkin_ur3_ws/devel/share/image_proc/docs/ResizeConfig-usage.dox)
Cleaning: (/home/ur3/catkin_ur3_ws/devel/.private/image_proc/share/image_proc/docs/CropDecimateConfig.dox, /home/ur3/catkin_ur3_ws/devel/share/image_proc/docs/CropDecimateConfig.dox)
Cleaning: (/home/ur3/catkin_ur3_ws/devel/.private/image_proc/share/image_proc/docs/RectifyConfig.dox, /home/ur3/catkin_ur3_ws/devel/share/image_proc/docs/RectifyConfig.dox)
Cleaning: (/home/ur3/catkin_ur3_ws/devel/.private/image_proc/share/image_proc/docs/RectifyConfig-usage.dox, /home/ur3/catkin_ur3_ws/devel/share/image_proc/docs/RectifyConfig-usage.dox)
Cleaning: (/home/ur3/catkin_ur3_ws/devel/.private/image_proc/share/image_proc/docs/DebayerConfig.dox, /home/ur3/catkin_ur3_ws/devel/share/image_proc/docs/DebayerConfig.dox)
Cleaning: (/home/ur3/catkin_ur3_ws/devel/.private/image_proc/share/image_proc/docs/CropDecimateConfig-usage.dox, /home/ur3/catkin_ur3_ws/devel/share/image_proc/docs/CropDecimateConfig-usage.dox)
Cleaning: (/home/ur3/catkin_ur3_ws/devel/.private/image_proc/share/image_proc/docs/RectifyConfig.wikidoc, /home/ur3/catkin_ur3_ws/devel/share/image_proc/docs/RectifyConfig.wikidoc)
Cleaning: (/home/ur3/catkin_ur3_ws/devel/.private/image_proc/share/image_proc/docs/ResizeConfig.wikidoc, /home/ur3/catkin_ur3_ws/devel/share/image_proc/docs/ResizeConfig.wikidoc)
Cleaning: (/home/ur3/catkin_ur3_ws/devel/.private/image_proc/share/image_proc/docs/CropDecimateConfig.wikidoc, /home/ur3/catkin_ur3_ws/devel/share/image_proc/docs/CropDecimateConfig.wikidoc)
Cleaning: (/home/ur3/catkin_ur3_ws/devel/.private/image_proc/share/image_proc/docs/ResizeConfig.dox, /home/ur3/catkin_ur3_ws/devel/share/image_proc/docs/ResizeConfig.dox)
Unlinking: /home/ur3/catkin_ur3_ws/devel/include/image_proc/RectifyConfig.h
Already unlinked: {}
Unlinking: /home/ur3/catkin_ur3_ws/devel/include/image_proc/DebayerConfig.h
Already unlinked: {}
Unlinking: /home/ur3/catkin_ur3_ws/devel/include/image_proc/ResizeConfig.h
Already unlinked: {}
Unlinking: /home/ur3/catkin_ur3_ws/devel/include/image_proc/CropDecimateConfig.h
Already unlinked: {}
Unlinking: /home/ur3/catkin_ur3_ws/devel/lib/libimage_proc.so
Already unlinked: {}
Unlinking: /home/ur3/catkin_ur3_ws/devel/lib/pkgconfig/image_proc.pc
Already unlinked: {}
Unlinking: /home/ur3/catkin_ur3_ws/devel/lib/image_proc/image_proc
Already unlinked: {}
Unlinking: /home/ur3/catkin_ur3_ws/devel/lib/python3/dist-packages/image_proc/__init__.py
Already unlinked: {}
Unlinking: /home/ur3/catkin_ur3_ws/devel/lib/python3/dist-packages/image_proc/cfg/RectifyConfig.py
Already unlinked: {}
Unlinking: /home/ur3/catkin_ur3_ws/devel/lib/python3/dist-packages/image_proc/cfg/__init__.py
Already unlinked: {}
Unlinking: /home/ur3/catkin_ur3_ws/devel/lib/python3/dist-packages/image_proc/cfg/DebayerConfig.py
Already unlinked: {}
Unlinking: /home/ur3/catkin_ur3_ws/devel/lib/python3/dist-packages/image_proc/cfg/ResizeConfig.py
Already unlinked: {}
Unlinking: /home/ur3/catkin_ur3_ws/devel/lib/python3/dist-packages/image_proc/cfg/CropDecimateConfig.py
Already unlinked: {}
Unlinking: /home/ur3/catkin_ur3_ws/devel/share/image_proc/cmake/image_procConfig.cmake
Already unlinked: {}
Unlinking: /home/ur3/catkin_ur3_ws/devel/share/image_proc/cmake/image_procConfig-version.cmake
Already unlinked: {}
Unlinking: /home/ur3/catkin_ur3_ws/devel/share/image_proc/docs/DebayerConfig-usage.dox
Already unlinked: {}
Unlinking: /home/ur3/catkin_ur3_ws/devel/share/image_proc/docs/DebayerConfig.wikidoc
Already unlinked: {}
Unlinking: /home/ur3/catkin_ur3_ws/devel/share/image_proc/docs/ResizeConfig-usage.dox
Already unlinked: {}
Unlinking: /home/ur3/catkin_ur3_ws/devel/share/image_proc/docs/CropDecimateConfig.dox
Already unlinked: {}
Unlinking: /home/ur3/catkin_ur3_ws/devel/share/image_proc/docs/RectifyConfig.dox
Already unlinked: {}
Unlinking: /home/ur3/catkin_ur3_ws/devel/share/image_proc/docs/RectifyConfig-usage.dox
Already unlinked: {}
Unlinking: /home/ur3/catkin_ur3_ws/devel/share/image_proc/docs/DebayerConfig.dox
Already unlinked: {}
Unlinking: /home/ur3/catkin_ur3_ws/devel/share/image_proc/docs/CropDecimateConfig-usage.dox
Already unlinked: {}
Unlinking: /home/ur3/catkin_ur3_ws/devel/share/image_proc/docs/RectifyConfig.wikidoc
Already unlinked: {}
Unlinking: /home/ur3/catkin_ur3_ws/devel/share/image_proc/docs/ResizeConfig.wikidoc
Already unlinked: {}
Unlinking: /home/ur3/catkin_ur3_ws/devel/share/image_proc/docs/CropDecimateConfig.wikidoc
Already unlinked: {}
Unlinking: /home/ur3/catkin_ur3_ws/devel/share/image_proc/docs/ResizeConfig.dox
Already unlinked: {}
