Symlinking /home/ur3/multi-camera-ros/catkin_ws_camera/devel/include/image_publisher/ImagePublisherConfig.h
Symlinking /home/ur3/multi-camera-ros/catkin_ws_camera/devel/lib/libimage_publisher.so
Symlinking /home/ur3/multi-camera-ros/catkin_ws_camera/devel/lib/pkgconfig/image_publisher.pc
Symlinking /home/ur3/multi-camera-ros/catkin_ws_camera/devel/lib/image_publisher/image_publisher
Symlinking /home/ur3/multi-camera-ros/catkin_ws_camera/devel/lib/python3/dist-packages/image_publisher/__init__.py
Symlinking /home/ur3/multi-camera-ros/catkin_ws_camera/devel/lib/python3/dist-packages/image_publisher/cfg/__init__.py
Symlinking /home/ur3/multi-camera-ros/catkin_ws_camera/devel/lib/python3/dist-packages/image_publisher/cfg/ImagePublisherConfig.py
Symlinking /home/ur3/multi-camera-ros/catkin_ws_camera/devel/share/image_publisher/cmake/image_publisherConfig.cmake
Symlinking /home/ur3/multi-camera-ros/catkin_ws_camera/devel/share/image_publisher/cmake/image_publisherConfig-version.cmake
Symlinking /home/ur3/multi-camera-ros/catkin_ws_camera/devel/share/image_publisher/docs/ImagePublisherConfig-usage.dox
Symlinking /home/ur3/multi-camera-ros/catkin_ws_camera/devel/share/image_publisher/docs/ImagePublisherConfig.wikidoc
Symlinking /home/ur3/multi-camera-ros/catkin_ws_camera/devel/share/image_publisher/docs/ImagePublisherConfig.dox
Cleaning: (/home/ur3/catkin_ur3_ws/devel/.private/image_publisher/cmake.lock, /home/ur3/catkin_ur3_ws/devel/./cmake.lock)
Cleaning: (/home/ur3/catkin_ur3_ws/devel/.private/image_publisher/include/image_publisher/ImagePublisherConfig.h, /home/ur3/catkin_ur3_ws/devel/include/image_publisher/ImagePublisherConfig.h)
Cleaning: (/home/ur3/catkin_ur3_ws/devel/.private/image_publisher/lib/libimage_publisher.so, /home/ur3/catkin_ur3_ws/devel/lib/libimage_publisher.so)
Cleaning: (/home/ur3/catkin_ur3_ws/devel/.private/image_publisher/lib/pkgconfig/image_publisher.pc, /home/ur3/catkin_ur3_ws/devel/lib/pkgconfig/image_publisher.pc)
Cleaning: (/home/ur3/catkin_ur3_ws/devel/.private/image_publisher/lib/image_publisher/image_publisher, /home/ur3/catkin_ur3_ws/devel/lib/image_publisher/image_publisher)
Cleaning: (/home/ur3/catkin_ur3_ws/devel/.private/image_publisher/lib/python3/dist-packages/image_publisher/__init__.py, /home/ur3/catkin_ur3_ws/devel/lib/python3/dist-packages/image_publisher/__init__.py)
Cleaning: (/home/ur3/catkin_ur3_ws/devel/.private/image_publisher/lib/python3/dist-packages/image_publisher/cfg/__init__.py, /home/ur3/catkin_ur3_ws/devel/lib/python3/dist-packages/image_publisher/cfg/__init__.py)
Cleaning: (/home/ur3/catkin_ur3_ws/devel/.private/image_publisher/lib/python3/dist-packages/image_publisher/cfg/ImagePublisherConfig.py, /home/ur3/catkin_ur3_ws/devel/lib/python3/dist-packages/image_publisher/cfg/ImagePublisherConfig.py)
Cleaning: (/home/ur3/catkin_ur3_ws/devel/.private/image_publisher/share/image_publisher/cmake/image_publisherConfig.cmake, /home/ur3/catkin_ur3_ws/devel/share/image_publisher/cmake/image_publisherConfig.cmake)
Cleaning: (/home/ur3/catkin_ur3_ws/devel/.private/image_publisher/share/image_publisher/cmake/image_publisherConfig-version.cmake, /home/ur3/catkin_ur3_ws/devel/share/image_publisher/cmake/image_publisherConfig-version.cmake)
Cleaning: (/home/ur3/catkin_ur3_ws/devel/.private/image_publisher/share/image_publisher/docs/ImagePublisherConfig-usage.dox, /home/ur3/catkin_ur3_ws/devel/share/image_publisher/docs/ImagePublisherConfig-usage.dox)
Cleaning: (/home/ur3/catkin_ur3_ws/devel/.private/image_publisher/share/image_publisher/docs/ImagePublisherConfig.wikidoc, /home/ur3/catkin_ur3_ws/devel/share/image_publisher/docs/ImagePublisherConfig.wikidoc)
Cleaning: (/home/ur3/catkin_ur3_ws/devel/.private/image_publisher/share/image_publisher/docs/ImagePublisherConfig.dox, /home/ur3/catkin_ur3_ws/devel/share/image_publisher/docs/ImagePublisherConfig.dox)
Unlinking: /home/ur3/catkin_ur3_ws/devel/include/image_publisher/ImagePublisherConfig.h
Already unlinked: {}
Unlinking: /home/ur3/catkin_ur3_ws/devel/lib/libimage_publisher.so
Already unlinked: {}
Unlinking: /home/ur3/catkin_ur3_ws/devel/lib/pkgconfig/image_publisher.pc
Already unlinked: {}
Unlinking: /home/ur3/catkin_ur3_ws/devel/lib/image_publisher/image_publisher
Already unlinked: {}
Unlinking: /home/ur3/catkin_ur3_ws/devel/lib/python3/dist-packages/image_publisher/__init__.py
Already unlinked: {}
Unlinking: /home/ur3/catkin_ur3_ws/devel/lib/python3/dist-packages/image_publisher/cfg/__init__.py
Already unlinked: {}
Unlinking: /home/ur3/catkin_ur3_ws/devel/lib/python3/dist-packages/image_publisher/cfg/ImagePublisherConfig.py
Already unlinked: {}
Unlinking: /home/ur3/catkin_ur3_ws/devel/share/image_publisher/cmake/image_publisherConfig.cmake
Already unlinked: {}
Unlinking: /home/ur3/catkin_ur3_ws/devel/share/image_publisher/cmake/image_publisherConfig-version.cmake
Already unlinked: {}
Unlinking: /home/ur3/catkin_ur3_ws/devel/share/image_publisher/docs/ImagePublisherConfig-usage.dox
Already unlinked: {}
Unlinking: /home/ur3/catkin_ur3_ws/devel/share/image_publisher/docs/ImagePublisherConfig.wikidoc
Already unlinked: {}
Unlinking: /home/ur3/catkin_ur3_ws/devel/share/image_publisher/docs/ImagePublisherConfig.dox
Already unlinked: {}
