Symlinking /home/ur3/multi-camera-ros/catkin_ws_camera/devel/lib/pkgconfig/camera_calibration.pc
Symlinking /home/ur3/multi-camera-ros/catkin_ws_camera/devel/lib/camera_calibration/tarfile_calibration.py
Symlinking /home/ur3/multi-camera-ros/catkin_ws_camera/devel/lib/camera_calibration/cameracalibrator.py
Symlinking /home/ur3/multi-camera-ros/catkin_ws_camera/devel/lib/camera_calibration/cmake.lock
Symlinking /home/ur3/multi-camera-ros/catkin_ws_camera/devel/lib/camera_calibration/cameracheck.py
Symlinking /home/ur3/multi-camera-ros/catkin_ws_camera/devel/lib/python3/dist-packages/camera_calibration/__init__.py
Symlinking /home/ur3/multi-camera-ros/catkin_ws_camera/devel/share/camera_calibration/cmake/camera_calibrationConfig.cmake
Symlinking /home/ur3/multi-camera-ros/catkin_ws_camera/devel/share/camera_calibration/cmake/camera_calibrationConfig-version.cmake
Cleaning: (/home/ur3/catkin_ur3_ws/devel/.private/camera_calibration/cmake.lock, /home/ur3/catkin_ur3_ws/devel/./cmake.lock)
Cleaning: (/home/ur3/catkin_ur3_ws/devel/.private/camera_calibration/lib/pkgconfig/camera_calibration.pc, /home/ur3/catkin_ur3_ws/devel/lib/pkgconfig/camera_calibration.pc)
Cleaning: (/home/ur3/catkin_ur3_ws/devel/.private/camera_calibration/lib/camera_calibration/tarfile_calibration.py, /home/ur3/catkin_ur3_ws/devel/lib/camera_calibration/tarfile_calibration.py)
Cleaning: (/home/ur3/catkin_ur3_ws/devel/.private/camera_calibration/lib/camera_calibration/cameracalibrator.py, /home/ur3/catkin_ur3_ws/devel/lib/camera_calibration/cameracalibrator.py)
Cleaning: (/home/ur3/catkin_ur3_ws/devel/.private/camera_calibration/lib/camera_calibration/cmake.lock, /home/ur3/catkin_ur3_ws/devel/lib/camera_calibration/cmake.lock)
Cleaning: (/home/ur3/catkin_ur3_ws/devel/.private/camera_calibration/lib/camera_calibration/cameracheck.py, /home/ur3/catkin_ur3_ws/devel/lib/camera_calibration/cameracheck.py)
Cleaning: (/home/ur3/catkin_ur3_ws/devel/.private/camera_calibration/lib/python3/dist-packages/camera_calibration/__init__.py, /home/ur3/catkin_ur3_ws/devel/lib/python3/dist-packages/camera_calibration/__init__.py)
Cleaning: (/home/ur3/catkin_ur3_ws/devel/.private/camera_calibration/share/camera_calibration/cmake/camera_calibrationConfig.cmake, /home/ur3/catkin_ur3_ws/devel/share/camera_calibration/cmake/camera_calibrationConfig.cmake)
Cleaning: (/home/ur3/catkin_ur3_ws/devel/.private/camera_calibration/share/camera_calibration/cmake/camera_calibrationConfig-version.cmake, /home/ur3/catkin_ur3_ws/devel/share/camera_calibration/cmake/camera_calibrationConfig-version.cmake)
Unlinking: /home/ur3/catkin_ur3_ws/devel/lib/pkgconfig/camera_calibration.pc
Already unlinked: {}
Unlinking: /home/ur3/catkin_ur3_ws/devel/lib/camera_calibration/tarfile_calibration.py
Already unlinked: {}
Unlinking: /home/ur3/catkin_ur3_ws/devel/lib/camera_calibration/cameracalibrator.py
Already unlinked: {}
Unlinking: /home/ur3/catkin_ur3_ws/devel/lib/camera_calibration/cmake.lock
Already unlinked: {}
Unlinking: /home/ur3/catkin_ur3_ws/devel/lib/camera_calibration/cameracheck.py
Already unlinked: {}
Unlinking: /home/ur3/catkin_ur3_ws/devel/lib/python3/dist-packages/camera_calibration/__init__.py
Already unlinked: {}
Unlinking: /home/ur3/catkin_ur3_ws/devel/share/camera_calibration/cmake/camera_calibrationConfig.cmake
Already unlinked: {}
Unlinking: /home/ur3/catkin_ur3_ws/devel/share/camera_calibration/cmake/camera_calibrationConfig-version.cmake
Already unlinked: {}
